<?xml version="1.0" encoding="UTF-8"?>
<!-- Generated by org.testng.reporters.JUnitReportReporter -->
<testsuite hostname="Monty_Asus_i7" failures="0" tests="1" name="Maninder.Tests.LoginErrorValidation" time="0.508" errors="0" timestamp="2024-08-13T15:06:45 IST" skipped="0">
  <testcase classname="Maninder.Tests.LoginErrorValidation" name="submitOrder" time="0.508"/>
</testsuite> <!-- Maninder.Tests.LoginErrorValidation -->
