<?xml version="1.0" encoding="UTF-8"?>
<!-- Generated by org.testng.reporters.JUnitReportReporter -->
<testsuite hostname="Monty_Asus_i7" failures="0" tests="2" name="Maninder.Tests.SubmitOrder" time="31.345" errors="0" timestamp="2025-05-15T12:35:50 IST" skipped="0">
  <testcase classname="Maninder.Tests.SubmitOrder" name="submitOrder" time="16.202"/>
  <testcase classname="Maninder.Tests.SubmitOrder" name="submitOrder" time="15.143"/>
</testsuite> <!-- Maninder.Tests.SubmitOrder -->
