<?xml version="1.0" encoding="UTF-8"?>
<!-- Generated by org.testng.reporters.JUnitReportReporter -->
<testsuite hostname="Monty_Asus_i7" failures="0" tests="1" name="Maninder.Tests.StandAloneTest" time="8.055" errors="0" timestamp="2024-08-13T15:05:55 IST" skipped="0">
  <testcase classname="Maninder.Tests.StandAloneTest" name="submitOrder" time="8.055"/>
</testsuite> <!-- Maninder.Tests.StandAloneTest -->
