<?xml version="1.0" encoding="UTF-8"?>
<!-- Generated by org.testng.reporters.JUnitReportReporter -->
<testsuite hostname="Monty_Asus_i7" failures="0" tests="2" name="Maninder.Tests.SubmitOrder" time="30.943" errors="0" timestamp="2024-10-08T15:31:06 IST" skipped="0">
  <testcase classname="Maninder.Tests.SubmitOrder" name="submitOrder" time="15.479"/>
  <testcase classname="Maninder.Tests.SubmitOrder" name="submitOrder" time="15.464"/>
</testsuite> <!-- Maninder.Tests.SubmitOrder -->
