<?xml version="1.0" encoding="UTF-8"?>
<!-- Generated by org.testng.reporters.JUnitReportReporter -->
<testsuite hostname="Monty_Asus_i7" failures="0" tests="2" name="Maninder.Tests.ErrorValidation" time="12.417" errors="0" timestamp="2024-10-09T14:37:22 IST" skipped="0">
  <testcase classname="Maninder.Tests.ErrorValidation" name="CatalogueErrorValidation" time="9.109"/>
  <testcase classname="Maninder.Tests.ErrorValidation" name="LoginErrorValidation" time="3.308"/>
</testsuite> <!-- Maninder.Tests.ErrorValidation -->
