<?xml version="1.0" encoding="UTF-8"?>
<!-- Generated by org.testng.reporters.JUnitReportReporter -->
<testsuite hostname="Monty_Asus_i7" failures="0" tests="2" name="Maninder.Tests.ErrorValidation" time="14.827" errors="0" timestamp="2024-10-05T07:29:40 IST" skipped="0">
  <testcase classname="Maninder.Tests.ErrorValidation" name="CatalogueErrorValidation" time="12.123"/>
  <testcase classname="Maninder.Tests.ErrorValidation" name="LoginErrorValidation" time="2.704"/>
</testsuite> <!-- Maninder.Tests.ErrorValidation -->
