<?xml version="1.0" encoding="UTF-8"?>
<!-- Generated by org.testng.reporters.JUnitReportReporter -->
<testsuite hostname="Monty_Asus_i7" failures="0" tests="2" name="Maninder.Tests.ErrorValidation" time="13.178" errors="0" timestamp="2025-05-15T12:30:51 IST" skipped="0">
  <testcase classname="Maninder.Tests.ErrorValidation" name="CatalogueErrorValidation" time="9.956"/>
  <testcase classname="Maninder.Tests.ErrorValidation" name="LoginErrorValidation" time="3.222"/>
</testsuite> <!-- Maninder.Tests.ErrorValidation -->
