<?xml version="1.0" encoding="UTF-8"?>
<!-- Generated by org.testng.reporters.JUnitReportReporter -->
<testsuite hostname="Monty_Asus_i7" failures="0" tests="2" name="Maninder.Tests.SubmitOrder" time="31.013" errors="0" timestamp="2024-10-09T14:37:03 IST" skipped="0">
  <testcase classname="Maninder.Tests.SubmitOrder" name="submitOrder" time="16.502"/>
  <testcase classname="Maninder.Tests.SubmitOrder" name="submitOrder" time="14.511"/>
</testsuite> <!-- Maninder.Tests.SubmitOrder -->
