<?xml version="1.0" encoding="UTF-8"?>
<!-- Generated by org.testng.reporters.JUnitReportReporter -->
<testsuite hostname="Monty_Asus_i7" failures="0" tests="2" name="Maninder.Tests.SubmitOrder" time="31.972" errors="0" timestamp="2024-10-05T07:29:40 IST" skipped="0">
  <testcase classname="Maninder.Tests.SubmitOrder" name="submitOrder" time="18.426"/>
  <testcase classname="Maninder.Tests.SubmitOrder" name="submitOrder" time="13.546"/>
</testsuite> <!-- Maninder.Tests.SubmitOrder -->
